2023-04-02 20:59:59.507650 - Initialized conversion of CBT013
2023-04-02 21:00:00.369541 - Received CBT.V504.FILE013.PDS from FILE013.XMI 
2023-04-02 21:00:00.372396 - Found $$$#DATE.txt (text/plain) in CBT.V504.FILE013.PDS, moved to PDS/$$$#DATE
2023-04-02 21:00:00.373745 - Found $$$DISC.txt (text/plain) in CBT.V504.FILE013.PDS, moved to PDS/$$$DISC
2023-04-02 21:00:00.375002 - Found $$$DOC.txt (text/plain) in CBT.V504.FILE013.PDS, moved to PDS/$$$DOC
2023-04-02 21:00:00.376025 - Found $$INDEX.txt (text/plain) in CBT.V504.FILE013.PDS, moved to PDS/$$INDEX
2023-04-02 21:00:00.377121 - Found $$THANKS.txt (text/plain) in CBT.V504.FILE013.PDS, moved to PDS/$$THANKS
2023-04-02 21:00:00.378104 - Found $NOPROP.txt (text/plain) in CBT.V504.FILE013.PDS, moved to PDS/$NOPROP
2023-04-02 21:00:00.379110 - Found @FILE013.txt (text/plain) in CBT.V504.FILE013.PDS, moved to PDS/@FILE013
2023-04-02 21:00:00.380436 - Found ACFEXIT.txt (text/plain) in CBT.V504.FILE013.PDS, moved to PDS/ACFEXIT
2023-04-02 21:00:00.381500 - Found CLEANACL.txt (text/plain) in CBT.V504.FILE013.PDS, moved to PDS/CLEANACL
2023-04-02 21:00:00.382472 - Found DSAEXIT.txt (text/plain) in CBT.V504.FILE013.PDS, moved to PDS/DSAEXIT
2023-04-02 21:00:00.383447 - Found ICHPWX01.txt (text/plain) in CBT.V504.FILE013.PDS, moved to PDS/ICHPWX01
2023-04-02 21:00:00.384559 - Found ICHRCX01.txt (text/plain) in CBT.V504.FILE013.PDS, moved to PDS/ICHRCX01
2023-04-02 21:00:00.385537 - Found ICHRCX02.txt (text/plain) in CBT.V504.FILE013.PDS, moved to PDS/ICHRCX02
2023-04-02 21:00:00.386678 - Found ICHRDSNU.txt (text/plain) in CBT.V504.FILE013.PDS, moved to PDS/ICHRDSNU
2023-04-02 21:00:00.387995 - Found ICHRDX01.txt (text/plain) in CBT.V504.FILE013.PDS, moved to PDS/ICHRDX01
2023-04-02 21:00:00.389050 - Found IGC0023I.txt (text/plain) in CBT.V504.FILE013.PDS, moved to PDS/IGC0023I
2023-04-02 21:00:00.390214 - Found JESEXIT2.txt (text/plain) in CBT.V504.FILE013.PDS, moved to PDS/JESEXIT2
2023-04-02 21:00:00.391345 - Found JES020.txt (text/plain) in CBT.V504.FILE013.PDS, moved to PDS/JES020
2023-04-02 21:00:00.392334 - Found JES020S.txt (text/plain) in CBT.V504.FILE013.PDS, moved to PDS/JES020S
2023-04-02 21:00:00.393411 - Found JOBACESS.txt (text/plain) in CBT.V504.FILE013.PDS, moved to PDS/JOBACESS
2023-04-02 21:00:00.394428 - Found JOBACOPY.txt (text/plain) in CBT.V504.FILE013.PDS, moved to PDS/JOBACOPY
2023-04-02 21:00:00.395505 - Found LISTRP.txt (text/plain) in CBT.V504.FILE013.PDS, moved to PDS/LISTRP
2023-04-02 21:00:00.396573 - Found LISTU.txt (text/plain) in CBT.V504.FILE013.PDS, moved to PDS/LISTU
2023-04-02 21:00:00.397502 - Found MACROS.txt (text/plain) in CBT.V504.FILE013.PDS, moved to PDS/MACROS
2023-04-02 21:00:00.398356 - Found NJEPROP1.txt (text/plain) in CBT.V504.FILE013.PDS, moved to PDS/NJEPROP1
2023-04-02 21:00:00.399319 - Found NJEPROP2.txt (text/plain) in CBT.V504.FILE013.PDS, moved to PDS/NJEPROP2
2023-04-02 21:00:00.400379 - Found NJEPROP3.txt (text/plain) in CBT.V504.FILE013.PDS, moved to PDS/NJEPROP3
2023-04-02 21:00:00.401370 - Found OMRACF.txt (text/plain) in CBT.V504.FILE013.PDS, moved to PDS/OMRACF
2023-04-02 21:00:00.402293 - Found OUSRSCT.txt (text/plain) in CBT.V504.FILE013.PDS, moved to PDS/OUSRSCT
2023-04-02 21:00:00.403229 - Found RACFALT.txt (text/plain) in CBT.V504.FILE013.PDS, moved to PDS/RACFALT
2023-04-02 21:00:00.404319 - Found RACFDOC.txt (text/plain) in CBT.V504.FILE013.PDS, moved to PDS/RACFDOC
2023-04-02 21:00:00.405596 - Found RACFDSET.txt (text/plain) in CBT.V504.FILE013.PDS, moved to PDS/RACFDSET
2023-04-02 21:00:00.406891 - Found RACFGRES.txt (text/plain) in CBT.V504.FILE013.PDS, moved to PDS/RACFGRES
2023-04-02 21:00:00.408153 - Found RACFGRP1.txt (text/plain) in CBT.V504.FILE013.PDS, moved to PDS/RACFGRP1
2023-04-02 21:00:00.409060 - Found RACFGRP2.txt (text/plain) in CBT.V504.FILE013.PDS, moved to PDS/RACFGRP2
2023-04-02 21:00:00.409922 - Found RACFLIST.txt (text/plain) in CBT.V504.FILE013.PDS, moved to PDS/RACFLIST
2023-04-02 21:00:00.410831 - Found RACFPROF.txt (text/plain) in CBT.V504.FILE013.PDS, moved to PDS/RACFPROF
2023-04-02 21:00:00.412048 - Found RACFPROT.txt (text/plain) in CBT.V504.FILE013.PDS, moved to PDS/RACFPROT
2023-04-02 21:00:00.413071 - Found RACFRPT.txt (text/plain) in CBT.V504.FILE013.PDS, moved to PDS/RACFRPT
2023-04-02 21:00:00.414002 - Found RACFSAMP.txt (text/plain) in CBT.V504.FILE013.PDS, moved to PDS/RACFSAMP
2023-04-02 21:00:00.414942 - Found RACFSUMM.txt (text/plain) in CBT.V504.FILE013.PDS, moved to PDS/RACFSUMM
2023-04-02 21:00:00.415886 - Found RACFTSO5.jcl (text/plain) in CBT.V504.FILE013.PDS, moved to PDS/RACFTSO5
2023-04-02 21:00:00.417297 - Found RACFUSER.jcl (text/plain) in CBT.V504.FILE013.PDS, moved to PDS/RACFUSER
2023-04-02 21:00:00.418241 - Found RACFUSR.txt (text/plain) in CBT.V504.FILE013.PDS, moved to PDS/RACFUSR
2023-04-02 21:00:00.419148 - Found RACRIX01.txt (text/plain) in CBT.V504.FILE013.PDS, moved to PDS/RACRIX01
2023-04-02 21:00:00.420491 - Found RACRIX02.txt (text/plain) in CBT.V504.FILE013.PDS, moved to PDS/RACRIX02
2023-04-02 21:00:00.421679 - Found RGROUP.txt (text/plain) in CBT.V504.FILE013.PDS, moved to PDS/RGROUP
2023-04-02 21:00:00.422799 - Found SACXTRT.txt (text/plain) in CBT.V504.FILE013.PDS, moved to PDS/SACXTRT
2023-04-02 21:00:00.423832 - Found SAGXTRT.txt (text/plain) in CBT.V504.FILE013.PDS, moved to PDS/SAGXTRT
2023-04-02 21:00:00.424713 - Found SANOADSP.txt (text/plain) in CBT.V504.FILE013.PDS, moved to PDS/SANOADSP
2023-04-02 21:00:00.425671 - Found SAPXTRT.txt (text/plain) in CBT.V504.FILE013.PDS, moved to PDS/SAPXTRT
2023-04-02 21:00:00.426543 - Found SARUSRUX.txt (text/plain) in CBT.V504.FILE013.PDS, moved to PDS/SARUSRUX
2023-04-02 21:00:00.427661 - Found SASRGEN.jcl (text/plain) in CBT.V504.FILE013.PDS, moved to PDS/SASRGEN
2023-04-02 21:00:00.428731 - Found SASRLIST.jcl (text/plain) in CBT.V504.FILE013.PDS, moved to PDS/SASRLIST
2023-04-02 21:00:00.429800 - Found SASSXXL1.txt (text/plain) in CBT.V504.FILE013.PDS, moved to PDS/SASSXXL1
2023-04-02 21:00:00.430777 - Found SAUNMASK.txt (text/plain) in CBT.V504.FILE013.PDS, moved to PDS/SAUNMASK
2023-04-02 21:00:00.431823 - Found SAUXTRT.txt (text/plain) in CBT.V504.FILE013.PDS, moved to PDS/SAUXTRT
2023-04-02 21:00:00.432836 - Found SETPW.txt (text/plain) in CBT.V504.FILE013.PDS, moved to PDS/SETPW
2023-04-02 21:00:00.433908 - Found SETPW2.txt (text/plain) in CBT.V504.FILE013.PDS, moved to PDS/SETPW2
2023-04-02 21:00:00.434917 - Found SETPW2A.txt (text/plain) in CBT.V504.FILE013.PDS, moved to PDS/SETPW2A
2023-04-02 21:00:00.436225 - Found SETUSER.txt (text/plain) in CBT.V504.FILE013.PDS, moved to PDS/SETUSER
2023-04-02 21:00:00.437335 - Found SETUSERH.txt (text/plain) in CBT.V504.FILE013.PDS, moved to PDS/SETUSERH
2023-04-02 21:00:00.438427 - Found SETUSERS.txt (text/plain) in CBT.V504.FILE013.PDS, moved to PDS/SETUSERS
2023-04-02 21:00:00.439484 - Found STARTASK.txt (text/plain) in CBT.V504.FILE013.PDS, moved to PDS/STARTASK
2023-04-02 21:00:00.440542 - Found SUBEXIT.txt (text/plain) in CBT.V504.FILE013.PDS, moved to PDS/SUBEXIT
2023-04-02 21:00:00.441602 - Found TECZ00.txt (text/plain) in CBT.V504.FILE013.PDS, moved to PDS/TECZ00
2023-04-02 21:00:00.442841 - Found TEC107.txt (text/plain) in CBT.V504.FILE013.PDS, moved to PDS/TEC107
2023-04-02 21:00:00.443851 - Found TMPFRONT.txt (text/plain) in CBT.V504.FILE013.PDS, moved to PDS/TMPFRONT
2023-04-02 21:00:00.444925 - Found TMS#RACF.txt (text/plain) in CBT.V504.FILE013.PDS, moved to PDS/TMS#RACF
2023-04-02 21:00:00.445934 - Found TSOSUB01.txt (text/plain) in CBT.V504.FILE013.PDS, moved to PDS/TSOSUB01
2023-04-02 21:00:00.447111 - Found UADSDUMP.txt (text/plain) in CBT.V504.FILE013.PDS, moved to PDS/UADSDUMP
2023-04-02 21:00:00.448121 - Found UADSREF.txt (text/plain) in CBT.V504.FILE013.PDS, moved to PDS/UADSREF
2023-04-02 21:00:00.449077 - Found UCC7DSNX.txt (text/plain) in CBT.V504.FILE013.PDS, moved to PDS/UCC7DSNX
2023-04-02 21:00:00.449980 - Found UCC7LOGF.txt (text/plain) in CBT.V504.FILE013.PDS, moved to PDS/UCC7LOGF
2023-04-02 21:00:00.451068 - Found UCC7LOGO.txt (text/plain) in CBT.V504.FILE013.PDS, moved to PDS/UCC7LOGO
2023-04-02 21:00:00.452206 - Found UNPROTCT.txt (text/plain) in CBT.V504.FILE013.PDS, moved to PDS/UNPROTCT
2023-04-02 21:00:00.453270 - Found USRSCT.txt (text/plain) in CBT.V504.FILE013.PDS, moved to PDS/USRSCT
2023-04-02 21:00:00.454336 - Found USRSVT.txt (text/plain) in CBT.V504.FILE013.PDS, moved to PDS/USRSVT
2023-04-02 21:00:00.455578 - Found VLOGON.jcl (text/plain) in CBT.V504.FILE013.PDS, moved to PDS/VLOGON
2023-04-02 21:00:00.456560 - Found VLOGONP.txt (text/plain) in CBT.V504.FILE013.PDS, moved to PDS/VLOGONP
2023-04-02 21:00:00.457664 - Found WHOIS.txt (text/plain) in CBT.V504.FILE013.PDS, moved to PDS/WHOIS
2023-04-02 21:00:00.459042 - Found WHOIS$.jcl (text/plain) in CBT.V504.FILE013.PDS, moved to PDS/WHOIS$
2023-04-02 21:00:00.460066 - Found WHOIS01.txt (text/plain) in CBT.V504.FILE013.PDS, moved to PDS/WHOIS01
2023-04-02 21:00:00.461276 - Found WPC.txt (text/plain) in CBT.V504.FILE013.PDS, moved to PDS/WPC
2023-04-02 21:00:00.462337 - Found ZAPDFP.txt (text/plain) in CBT.V504.FILE013.PDS, moved to PDS/ZAPDFP
2023-04-02 21:00:00.463527 - Found ZAPDFPO.txt (text/plain) in CBT.V504.FILE013.PDS, moved to PDS/ZAPDFPO
